****                   ADMIXTURE Version 1.3.0                  ****
****                    Copyright 2008-2015                     ****
****           David Alexander, Suyash Shringarpure,            ****
****                John  Novembre, Ken Lange                   ****
****                                                            ****
****                 Please cite our paper!                     ****
****   Information at www.genetics.ucla.edu/software/admixture  ****

Cross-validation will be performed.  Folds=5.
Random seed: 43
Point estimation method: Block relaxation algorithm
Convergence acceleration algorithm: QuasiNewton, 3 secant conditions
Point estimation will terminate when objective function delta < 0.0001
Estimation of standard errors disabled; will compute point estimates only.
Size of G: 22x426357
Performing five EM steps to prime main algorithm
1 (EM) 	Elapsed: 1.225	Loglikelihood: -6.29211e+06	(delta): 7.80791e+06
2 (EM) 	Elapsed: 1.156	Loglikelihood: -5.70311e+06	(delta): 588998
3 (EM) 	Elapsed: 1.186	Loglikelihood: -5.32285e+06	(delta): 380256
4 (EM) 	Elapsed: 1.146	Loglikelihood: -4.94685e+06	(delta): 376002
5 (EM) 	Elapsed: 1.153	Loglikelihood: -4.5516e+06	(delta): 395250
Initial loglikelihood: -4.5516e+06
Starting main algorithm
1 (QN/Block) 	Elapsed: 5.39	Loglikelihood: -1.93396e+06	(delta): 2.61764e+06
2 (QN/Block) 	Elapsed: 5.303	Loglikelihood: -1.76289e+06	(delta): 171072
3 (QN/Block) 	Elapsed: 5.867	Loglikelihood: -1.68937e+06	(delta): 73512
4 (QN/Block) 	Elapsed: 6.235	Loglikelihood: -1.64249e+06	(delta): 46885.9
5 (QN/Block) 	Elapsed: 5.74	Loglikelihood: -1.61238e+06	(delta): 30111.3
6 (QN/Block) 	Elapsed: 6.173	Loglikelihood: -1.5973e+06	(delta): 15080.6
7 (QN/Block) 	Elapsed: 5.728	Loglikelihood: -1.5881e+06	(delta): 9190.48
8 (QN/Block) 	Elapsed: 5.99	Loglikelihood: -1.58706e+06	(delta): 1044.28
9 (QN/Block) 	Elapsed: 6.109	Loglikelihood: -1.58665e+06	(delta): 412.715
10 (QN/Block) 	Elapsed: 5.835	Loglikelihood: -1.58626e+06	(delta): 389.568
11 (QN/Block) 	Elapsed: 6.054	Loglikelihood: -1.58608e+06	(delta): 181.397
12 (QN/Block) 	Elapsed: 6.187	Loglikelihood: -1.58589e+06	(delta): 190.664
13 (QN/Block) 	Elapsed: 6.419	Loglikelihood: -1.58584e+06	(delta): 41.9441
14 (QN/Block) 	Elapsed: 6.201	Loglikelihood: -1.58583e+06	(delta): 14.1596
15 (QN/Block) 	Elapsed: 6.245	Loglikelihood: -1.58581e+06	(delta): 19.9333
16 (QN/Block) 	Elapsed: 6.201	Loglikelihood: -1.58573e+06	(delta): 78.4691
17 (QN/Block) 	Elapsed: 6.406	Loglikelihood: -1.58537e+06	(delta): 365.306
18 (QN/Block) 	Elapsed: 6.516	Loglikelihood: -1.58466e+06	(delta): 702.271
19 (QN/Block) 	Elapsed: 6.334	Loglikelihood: -1.58432e+06	(delta): 346.654
20 (QN/Block) 	Elapsed: 6.289	Loglikelihood: -1.58417e+06	(delta): 150.688
21 (QN/Block) 	Elapsed: 5.989	Loglikelihood: -1.58401e+06	(delta): 157.629
22 (QN/Block) 	Elapsed: 6.01	Loglikelihood: -1.58398e+06	(delta): 26.9696
23 (QN/Block) 	Elapsed: 6.143	Loglikelihood: -1.58397e+06	(delta): 16.6729
24 (QN/Block) 	Elapsed: 6.176	Loglikelihood: -1.58395e+06	(delta): 11.6854
25 (QN/Block) 	Elapsed: 5.778	Loglikelihood: -1.58394e+06	(delta): 11.8747
26 (QN/Block) 	Elapsed: 6.256	Loglikelihood: -1.58394e+06	(delta): 3.43352
27 (QN/Block) 	Elapsed: 6.462	Loglikelihood: -1.58394e+06	(delta): 1.01251
28 (QN/Block) 	Elapsed: 6.305	Loglikelihood: -1.58394e+06	(delta): 0.836834
29 (QN/Block) 	Elapsed: 6.185	Loglikelihood: -1.58394e+06	(delta): 0.861875
30 (QN/Block) 	Elapsed: 6.226	Loglikelihood: -1.58394e+06	(delta): 0.891793
31 (QN/Block) 	Elapsed: 6.285	Loglikelihood: -1.58393e+06	(delta): 0.927478
32 (QN/Block) 	Elapsed: 6.265	Loglikelihood: -1.58393e+06	(delta): 0.97024
33 (QN/Block) 	Elapsed: 6.171	Loglikelihood: -1.58393e+06	(delta): 1.02126
34 (QN/Block) 	Elapsed: 6.106	Loglikelihood: -1.58393e+06	(delta): 1.08267
35 (QN/Block) 	Elapsed: 6.401	Loglikelihood: -1.58393e+06	(delta): 1.15723
36 (QN/Block) 	Elapsed: 11.469	Loglikelihood: -1.58393e+06	(delta): 1.18401
37 (QN/Block) 	Elapsed: 8.811	Loglikelihood: -1.58393e+06	(delta): 0.0891765
38 (QN/Block) 	Elapsed: 6.276	Loglikelihood: -1.58393e+06	(delta): 9.77889e-09
Summary: 
Converged in 38 iterations (252.753 sec)
Loglikelihood: -1583928.638702
Fst divergences between estimated populations: 
	Pop0	Pop1	Pop2	Pop3	
Pop0	
Pop1	0.782	
Pop2	0.572	0.638	
Pop3	0.717	0.797	0.623	
Pop4	0.688	0.789	0.610	0.154	
CV error (K=5): 0.44799
Writing output files.
