****                   ADMIXTURE Version 1.3.0                  ****
****                    Copyright 2008-2015                     ****
****           David Alexander, Suyash Shringarpure,            ****
****                John  Novembre, Ken Lange                   ****
****                                                            ****
****                 Please cite our paper!                     ****
****   Information at www.genetics.ucla.edu/software/admixture  ****

Cross-validation will be performed.  Folds=5.
Random seed: 43
Point estimation method: Block relaxation algorithm
Convergence acceleration algorithm: QuasiNewton, 3 secant conditions
Point estimation will terminate when objective function delta < 0.0001
Estimation of standard errors disabled; will compute point estimates only.
Size of G: 22x426357
Performing five EM steps to prime main algorithm
1 (EM) 	Elapsed: 1.463	Loglikelihood: -6.34294e+06	(delta): 7.56747e+06
2 (EM) 	Elapsed: 1.48	Loglikelihood: -5.75918e+06	(delta): 583754
3 (EM) 	Elapsed: 1.464	Loglikelihood: -5.35102e+06	(delta): 408167
4 (EM) 	Elapsed: 1.478	Loglikelihood: -4.89369e+06	(delta): 457321
5 (EM) 	Elapsed: 1.459	Loglikelihood: -4.38855e+06	(delta): 505142
Initial loglikelihood: -4.38855e+06
Starting main algorithm
1 (QN/Block) 	Elapsed: 6.701	Loglikelihood: -2.02208e+06	(delta): 2.36648e+06
2 (QN/Block) 	Elapsed: 6.546	Loglikelihood: -1.74109e+06	(delta): 280984
3 (QN/Block) 	Elapsed: 7.361	Loglikelihood: -1.64361e+06	(delta): 97484.7
4 (QN/Block) 	Elapsed: 7.781	Loglikelihood: -1.57468e+06	(delta): 68924.2
5 (QN/Block) 	Elapsed: 7.416	Loglikelihood: -1.50979e+06	(delta): 64889.1
6 (QN/Block) 	Elapsed: 7.602	Loglikelihood: -1.48724e+06	(delta): 22550.7
7 (QN/Block) 	Elapsed: 7.576	Loglikelihood: -1.4788e+06	(delta): 8443.66
8 (QN/Block) 	Elapsed: 7.58	Loglikelihood: -1.47794e+06	(delta): 861.843
9 (QN/Block) 	Elapsed: 7.521	Loglikelihood: -1.47766e+06	(delta): 274.845
10 (QN/Block) 	Elapsed: 7.719	Loglikelihood: -1.47741e+06	(delta): 255.967
11 (QN/Block) 	Elapsed: 7.675	Loglikelihood: -1.47731e+06	(delta): 93.6587
12 (QN/Block) 	Elapsed: 7.64	Loglikelihood: -1.47708e+06	(delta): 228.098
13 (QN/Block) 	Elapsed: 8.075	Loglikelihood: -1.47602e+06	(delta): 1069.48
14 (QN/Block) 	Elapsed: 8.161	Loglikelihood: -1.47571e+06	(delta): 309.231
15 (QN/Block) 	Elapsed: 8.15	Loglikelihood: -1.4757e+06	(delta): 5.69179
16 (QN/Block) 	Elapsed: 8.174	Loglikelihood: -1.4757e+06	(delta): 1.43308
17 (QN/Block) 	Elapsed: 8.306	Loglikelihood: -1.4757e+06	(delta): 0.0503677
18 (QN/Block) 	Elapsed: 8.028	Loglikelihood: -1.4757e+06	(delta): 1.70944e-06
Summary: 
Converged in 18 iterations (149.324 sec)
Loglikelihood: -1475698.746051
Fst divergences between estimated populations: 
	Pop0	Pop1	Pop2	Pop3	Pop4	
Pop0	
Pop1	0.782	
Pop2	0.667	0.628	
Pop3	0.793	0.702	0.667	
Pop4	0.790	0.690	0.660	0.112	
Pop5	0.653	0.601	0.203	0.643	0.637	
CV error (K=6): 0.50559
Writing output files.
