****                   ADMIXTURE Version 1.3.0                  ****
****                    Copyright 2008-2015                     ****
****           David Alexander, Suyash Shringarpure,            ****
****                John  Novembre, Ken Lange                   ****
****                                                            ****
****                 Please cite our paper!                     ****
****   Information at www.genetics.ucla.edu/software/admixture  ****

Cross-validation will be performed.  Folds=5.
Random seed: 43
Point estimation method: Block relaxation algorithm
Convergence acceleration algorithm: QuasiNewton, 3 secant conditions
Point estimation will terminate when objective function delta < 0.0001
Estimation of standard errors disabled; will compute point estimates only.
Size of G: 22x426357
Performing five EM steps to prime main algorithm
1 (EM) 	Elapsed: 0.899	Loglikelihood: -6.30269e+06	(delta): 8.06864e+06
2 (EM) 	Elapsed: 0.899	Loglikelihood: -5.6824e+06	(delta): 620291
3 (EM) 	Elapsed: 0.911	Loglikelihood: -5.20317e+06	(delta): 479227
4 (EM) 	Elapsed: 0.889	Loglikelihood: -4.70967e+06	(delta): 493504
5 (EM) 	Elapsed: 0.887	Loglikelihood: -4.29679e+06	(delta): 412880
Initial loglikelihood: -4.29679e+06
Starting main algorithm
1 (QN/Block) 	Elapsed: 4.367	Loglikelihood: -2.60105e+06	(delta): 1.69574e+06
2 (QN/Block) 	Elapsed: 4.376	Loglikelihood: -1.93365e+06	(delta): 667396
3 (QN/Block) 	Elapsed: 4.941	Loglikelihood: -1.79037e+06	(delta): 143281
4 (QN/Block) 	Elapsed: 4.881	Loglikelihood: -1.69614e+06	(delta): 94227.4
5 (QN/Block) 	Elapsed: 4.827	Loglikelihood: -1.64365e+06	(delta): 52488.1
6 (QN/Block) 	Elapsed: 4.923	Loglikelihood: -1.61789e+06	(delta): 25764.8
7 (QN/Block) 	Elapsed: 4.972	Loglikelihood: -1.60895e+06	(delta): 8935.54
8 (QN/Block) 	Elapsed: 5.363	Loglikelihood: -1.60748e+06	(delta): 1473.96
9 (QN/Block) 	Elapsed: 4.988	Loglikelihood: -1.60725e+06	(delta): 228.706
10 (QN/Block) 	Elapsed: 5.303	Loglikelihood: -1.60715e+06	(delta): 104.214
11 (QN/Block) 	Elapsed: 4.965	Loglikelihood: -1.60711e+06	(delta): 40.5519
12 (QN/Block) 	Elapsed: 5.346	Loglikelihood: -1.60709e+06	(delta): 16.3107
13 (QN/Block) 	Elapsed: 5.262	Loglikelihood: -1.60709e+06	(delta): 3.03234
14 (QN/Block) 	Elapsed: 5.213	Loglikelihood: -1.60709e+06	(delta): 9.39087e-05
Summary: 
Converged in 14 iterations (76.91 sec)
Loglikelihood: -1607087.527203
Fst divergences between estimated populations: 
	Pop0	Pop1	Pop2	
Pop0	
Pop1	0.782	
Pop2	0.572	0.638	
Pop3	0.685	0.789	0.608	
CV error (K=4): 0.37896
Writing output files.
