****                   ADMIXTURE Version 1.3.0                  ****
****                    Copyright 2008-2015                     ****
****           David Alexander, Suyash Shringarpure,            ****
****                John  Novembre, Ken Lange                   ****
****                                                            ****
****                 Please cite our paper!                     ****
****   Information at www.genetics.ucla.edu/software/admixture  ****

Cross-validation will be performed.  Folds=5.
Random seed: 43
Point estimation method: Block relaxation algorithm
Convergence acceleration algorithm: QuasiNewton, 3 secant conditions
Point estimation will terminate when objective function delta < 0.0001
Estimation of standard errors disabled; will compute point estimates only.
Size of G: 22x426357
Performing five EM steps to prime main algorithm
1 (EM) 	Elapsed: 0.686	Loglikelihood: -6.2302e+06	(delta): 8.72731e+06
2 (EM) 	Elapsed: 0.666	Loglikelihood: -5.53898e+06	(delta): 691220
3 (EM) 	Elapsed: 0.651	Loglikelihood: -4.95646e+06	(delta): 582519
4 (EM) 	Elapsed: 0.662	Loglikelihood: -4.35743e+06	(delta): 599027
5 (EM) 	Elapsed: 0.654	Loglikelihood: -3.85076e+06	(delta): 506677
Initial loglikelihood: -3.85076e+06
Starting main algorithm
1 (QN/Block) 	Elapsed: 3.115	Loglikelihood: -2.64858e+06	(delta): 1.20217e+06
2 (QN/Block) 	Elapsed: 3.072	Loglikelihood: -2.60053e+06	(delta): 48054.6
3 (QN/Block) 	Elapsed: 3.592	Loglikelihood: -2.57597e+06	(delta): 24562
4 (QN/Block) 	Elapsed: 3.866	Loglikelihood: -2.56166e+06	(delta): 14303.1
5 (QN/Block) 	Elapsed: 3.734	Loglikelihood: -2.55339e+06	(delta): 8272.45
6 (QN/Block) 	Elapsed: 3.63	Loglikelihood: -2.55118e+06	(delta): 2214.39
7 (QN/Block) 	Elapsed: 3.503	Loglikelihood: -2.55101e+06	(delta): 164.493
8 (QN/Block) 	Elapsed: 3.411	Loglikelihood: -2.55095e+06	(delta): 60.9671
9 (QN/Block) 	Elapsed: 3.387	Loglikelihood: -2.55089e+06	(delta): 63.2212
10 (QN/Block) 	Elapsed: 3.37	Loglikelihood: -2.55085e+06	(delta): 32.5364
11 (QN/Block) 	Elapsed: 3.466	Loglikelihood: -2.55085e+06	(delta): 3.83428
12 (QN/Block) 	Elapsed: 3.354	Loglikelihood: -2.55085e+06	(delta): 3.03155
13 (QN/Block) 	Elapsed: 3.356	Loglikelihood: -2.55084e+06	(delta): 3.71172
14 (QN/Block) 	Elapsed: 3.404	Loglikelihood: -2.55084e+06	(delta): 3.85423
15 (QN/Block) 	Elapsed: 3.67	Loglikelihood: -2.55084e+06	(delta): 0.695006
16 (QN/Block) 	Elapsed: 3.673	Loglikelihood: -2.55084e+06	(delta): 0.722371
17 (QN/Block) 	Elapsed: 3.691	Loglikelihood: -2.55084e+06	(delta): 0.727307
18 (QN/Block) 	Elapsed: 3.674	Loglikelihood: -2.55084e+06	(delta): 0.732581
19 (QN/Block) 	Elapsed: 3.785	Loglikelihood: -2.55084e+06	(delta): 0.738198
20 (QN/Block) 	Elapsed: 3.735	Loglikelihood: -2.55084e+06	(delta): 0.744169
21 (QN/Block) 	Elapsed: 3.673	Loglikelihood: -2.55083e+06	(delta): 0.750501
22 (QN/Block) 	Elapsed: 3.722	Loglikelihood: -2.55083e+06	(delta): 0.757205
23 (QN/Block) 	Elapsed: 3.682	Loglikelihood: -2.55083e+06	(delta): 0.609712
24 (QN/Block) 	Elapsed: 3.466	Loglikelihood: -2.55083e+06	(delta): 0.2229
25 (QN/Block) 	Elapsed: 3.35	Loglikelihood: -2.55083e+06	(delta): 0.00340532
26 (QN/Block) 	Elapsed: 3.36	Loglikelihood: -2.55083e+06	(delta): 1.729e-06
Summary: 
Converged in 26 iterations (98.6 sec)
Loglikelihood: -2550833.005707
Fst divergences between estimated populations: 
	Pop0	Pop1	
Pop0	
Pop1	0.789	
Pop2	0.637	0.458	
CV error (K=3): 0.52086
Writing output files.
